<?xml version="1.0" encoding="UTF-8"?>
<!-- Generated by org.testng.reporters.JUnitReportReporter -->
<testsuite hostname="DESKTOP-TCC86SQ" failures="0" tests="4" name="amazonPackage.AmazonTestCases" time="65.095" errors="0" timestamp="2024-04-20T15:44:27 TRT" skipped="0">
  <testcase classname="amazonPackage.AmazonTestCases" name="addRandomGift" time="54.764"/>
  <system-out/>
  <testcase classname="amazonPackage.AmazonTestCases" name="addRandomAmount" time="3.219"/>
  <system-out/>
  <testcase classname="amazonPackage.AmazonTestCases" name="amountAssertion" time="0.071"/>
  <system-out/>
  <testcase classname="amazonPackage.AmazonTestCases" name="fullInfo" time="7.041"/>
  <system-out/>
</testsuite> <!-- amazonPackage.AmazonTestCases -->
